0 info it worked if it ends with ok
1 verbose cli [ 'C:\\Program Files\\nodejs\\node.exe',
1 verbose cli   'C:\\Program Files\\nodejs\\node_modules\\npm\\bin\\npm-cli.js',
1 verbose cli   'publish' ]
2 info using npm@3.10.9
3 info using node@v4.6.0
4 verbose publish [ '.' ]
5 silly cache add args [ '.', null ]
6 verbose cache add spec .
7 silly cache add parsed spec Result {
7 silly cache add   raw: '.',
7 silly cache add   scope: null,
7 silly cache add   escapedName: null,
7 silly cache add   name: null,
7 silly cache add   rawSpec: '.',
7 silly cache add   spec: 'C:\\Users\\cosmi\\Desktop\\hexo_blog\\cosmic-engineer\\node_modules\\hexo-tag-html5',
7 silly cache add   type: 'directory' }
8 verbose addLocalDirectory C:\Users\cosmi\AppData\Roaming\npm-cache\hexo-tag-html5video\1.0.0\package.tgz not in flight; packing
9 verbose correctMkdir C:\Users\cosmi\AppData\Roaming\npm-cache correctMkdir not in flight; initializing
10 info lifecycle hexo-tag-html5video@1.0.0~prepublish: hexo-tag-html5video@1.0.0
11 silly lifecycle hexo-tag-html5video@1.0.0~prepublish: no script for prepublish, continuing
12 verbose tar pack [ 'C:\\Users\\cosmi\\AppData\\Roaming\\npm-cache\\hexo-tag-html5video\\1.0.0\\package.tgz',
12 verbose tar pack   'C:\\Users\\cosmi\\Desktop\\hexo_blog\\cosmic-engineer\\node_modules\\hexo-tag-html5' ]
13 verbose tarball C:\Users\cosmi\AppData\Roaming\npm-cache\hexo-tag-html5video\1.0.0\package.tgz
14 verbose folder C:\Users\cosmi\Desktop\hexo_blog\cosmic-engineer\node_modules\hexo-tag-html5
15 verbose addLocalTarball adding from inside cache C:\Users\cosmi\AppData\Roaming\npm-cache\hexo-tag-html5video\1.0.0\package.tgz
16 verbose correctMkdir C:\Users\cosmi\AppData\Roaming\npm-cache correctMkdir not in flight; initializing
17 silly cache afterAdd hexo-tag-html5video@1.0.0
18 verbose afterAdd C:\Users\cosmi\AppData\Roaming\npm-cache\hexo-tag-html5video\1.0.0\package\package.json not in flight; writing
19 verbose correctMkdir C:\Users\cosmi\AppData\Roaming\npm-cache correctMkdir not in flight; initializing
20 verbose afterAdd C:\Users\cosmi\AppData\Roaming\npm-cache\hexo-tag-html5video\1.0.0\package\package.json written
21 silly publish { name: 'hexo-tag-html5video',
21 silly publish   version: '1.0.0',
21 silly publish   description: 'Hexo tag to enable embedding html5video video into a post.',
21 silly publish   main: 'index.js',
21 silly publish   scripts: { test: 'echo "Error: no test specified" && exit 1' },
21 silly publish   keywords:
21 silly publish    [ 'webm',
21 silly publish      'mp4',
21 silly publish      'html5video',
21 silly publish      'hexo',
21 silly publish      'post',
21 silly publish      'video',
21 silly publish      'tag',
21 silly publish      'hexo-tag' ],
21 silly publish   author: { name: 'Stephen Brady' },
21 silly publish   license: 'ISC',
21 silly publish   readme: 'Adding embedded html5 video to hexo\r\n\r\n{% html5video %} \r\n{% asset_path big-buck-bunny_trailer.webm %}\r\n{% endhtml5video %} \r\n\r\nUsage:\r\nWith no args, the defaults are used:\r\nwidth = \'100%\'\r\nheight = \'250px\'\r\ncodec = \'video/webm\'\r\n\r\n{% html5video %} \r\n{% asset_path big-buck-bunny_trailer.webm %}\r\n{% endhtml5video %} \r\n\r\nor with args:\r\n\r\n{% html5video \'100%\' \'250px\' \'video/mp4\' %} \r\n{% asset_path big-buck-bunny_trailer.webm %}\r\n{% endhtml5video %} \r\n\r\nAdd hexo-tag-html5 to your _config.yml file including all the other packages you\'re using. (Once you include one, you will need to include them all, grab the list from you package.json)\r\n\r\nExample:\r\nplugins: [hexo-tag-html5, \r\n          hexo-deployer-git,  \r\n          hexo-server, \r\n          hexo-generator-index, \r\n          hexo-generator-archive, \r\n          hexo-generator-category,\r\n          hexo-generator-json-content,\r\n          hexo-generator-tag,\r\n          hexo-renderer-ejs,\r\n          hexo-renderer-marked,\r\n          hexo-renderer-stylus,\r\n          hexo-tag-bootstrap,\r\n          hexo-tag-fontawesome,\r\n          hexo-tag-leaflet]\r\n',
21 silly publish   readmeFilename: 'README.md',
21 silly publish   gitHead: '85bb1ee1e74ff5782294651bddcf2fa166aa94f0',
21 silly publish   _id: 'hexo-tag-html5video@1.0.0',
21 silly publish   _shasum: 'bf3c336f392d5393a42612d04b5e4762084d4408',
21 silly publish   _from: '.' }
22 verbose getPublishConfig undefined
23 silly mapToRegistry name hexo-tag-html5video
24 silly mapToRegistry using default registry
25 silly mapToRegistry registry https://registry.npmjs.org/
26 silly mapToRegistry data Result {
26 silly mapToRegistry   raw: 'hexo-tag-html5video',
26 silly mapToRegistry   scope: null,
26 silly mapToRegistry   escapedName: 'hexo-tag-html5video',
26 silly mapToRegistry   name: 'hexo-tag-html5video',
26 silly mapToRegistry   rawSpec: '',
26 silly mapToRegistry   spec: 'latest',
26 silly mapToRegistry   type: 'tag' }
27 silly mapToRegistry uri https://registry.npmjs.org/hexo-tag-html5video
28 verbose publish registryBase https://registry.npmjs.org/
29 silly publish uploading C:\Users\cosmi\AppData\Roaming\npm-cache\hexo-tag-html5video\1.0.0\package.tgz
30 verbose request uri https://registry.npmjs.org/hexo-tag-html5video
31 verbose request sending authorization for write operation
32 info attempt registry request try #1 at 7:29:19 PM
33 verbose request using bearer token for auth
34 verbose request id 84efa25c9a73a10b
35 http request PUT https://registry.npmjs.org/hexo-tag-html5video
36 http 403 https://registry.npmjs.org/hexo-tag-html5video
37 verbose headers { 'content-type': 'application/json',
37 verbose headers   'cache-control': 'max-age=300',
37 verbose headers   'content-length': '95',
37 verbose headers   'accept-ranges': 'bytes',
37 verbose headers   date: 'Mon, 24 Oct 2016 18:29:19 GMT',
37 verbose headers   via: '1.1 varnish',
37 verbose headers   connection: 'keep-alive',
37 verbose headers   'x-served-by': 'cache-lcy1140-LCY',
37 verbose headers   'x-cache': 'MISS',
37 verbose headers   'x-cache-hits': '0',
37 verbose headers   'x-timer': 'S1477333758.273111,VS0,VE845',
37 verbose headers   vary: 'Accept-Encoding' }
38 verbose request invalidating C:\Users\cosmi\AppData\Roaming\npm-cache\registry.npmjs.org\hexo-tag-html5video on PUT
39 error publish Failed PUT 403
40 verbose stack Error: "You cannot publish over the previously published version 1.0.0." : hexo-tag-html5video
40 verbose stack     at makeError (C:\Program Files\nodejs\node_modules\npm\node_modules\npm-registry-client\lib\request.js:302:12)
40 verbose stack     at CachingRegistryClient.<anonymous> (C:\Program Files\nodejs\node_modules\npm\node_modules\npm-registry-client\lib\request.js:290:14)
40 verbose stack     at Request._callback (C:\Program Files\nodejs\node_modules\npm\node_modules\npm-registry-client\lib\request.js:210:14)
40 verbose stack     at Request.self.callback (C:\Program Files\nodejs\node_modules\npm\node_modules\request\request.js:187:22)
40 verbose stack     at emitTwo (events.js:87:13)
40 verbose stack     at Request.emit (events.js:172:7)
40 verbose stack     at Request.<anonymous> (C:\Program Files\nodejs\node_modules\npm\node_modules\request\request.js:1048:10)
40 verbose stack     at emitOne (events.js:77:13)
40 verbose stack     at Request.emit (events.js:169:7)
40 verbose stack     at IncomingMessage.<anonymous> (C:\Program Files\nodejs\node_modules\npm\node_modules\request\request.js:969:12)
41 verbose statusCode 403
42 verbose pkgid hexo-tag-html5video
43 verbose cwd C:\Users\cosmi\Desktop\hexo_blog\cosmic-engineer\node_modules\hexo-tag-html5
44 error Windows_NT 10.0.14393
45 error argv "C:\\Program Files\\nodejs\\node.exe" "C:\\Program Files\\nodejs\\node_modules\\npm\\bin\\npm-cli.js" "publish"
46 error node v4.6.0
47 error npm  v3.10.9
48 error code E403
49 error "You cannot publish over the previously published version 1.0.0." : hexo-tag-html5video
50 error If you need help, you may report this error at:
50 error     <https://github.com/npm/npm/issues>
51 verbose exit [ 1, true ]
